<?xml version="1.0" encoding="UTF-8"?>
<!-- Generated by org.testng.reporters.JUnitReportReporter -->
<testsuite hostname="sridhar" failures="0" tests="10" name="Runner.loginnobroker" time="66.418" errors="0" timestamp="2022-06-05T13:26:41 IST" skipped="0">
  <testcase classname="Runner.loginnobroker" name="loginApp" time="2.535"/>
  <system-out/>
  <testcase classname="Runner.loginnobroker" name="searchpapp" time="4.931"/>
  <system-out/>
  <testcase classname="Runner.loginnobroker" name="menuappoo" time="1.428"/>
  <system-out>
    <![CDATA[menu Done]]>
  </system-out>
  <testcase classname="Runner.loginnobroker" name="searapp" time="1.132"/>
  <system-out>
    <![CDATA[searching Done]]>
  </system-out>
  <testcase classname="Runner.loginnobroker" name="studyapp" time="6.298"/>
  <system-out/>
  <testcase classname="Runner.loginnobroker" name="aboutaa" time="15.618"/>
  <system-out>
    <![CDATA[rentapp Done]]>
  </system-out>
  <testcase classname="Runner.loginnobroker" name="rentalagr" time="18.966"/>
  <system-out>
    <![CDATA[assertions Done]]>
  </system-out>
  <testcase classname="Runner.loginnobroker" name="loancart" time="8.193"/>
  <system-out/>
  <testcase classname="Runner.loginnobroker" name="siteapp" time="1.673"/>
  <system-out/>
  <testcase classname="Runner.loginnobroker" name="infoapp" time="5.644"/>
  <system-out/>
</testsuite> <!-- Runner.loginnobroker -->
