<?xml version="1.0" encoding="UTF-8"?>
<!-- Generated by org.testng.reporters.JUnitReportReporter -->
<testsuite hostname="sridhar" failures="0" tests="9" name="Runner.logincrm" time="61.292" errors="0" timestamp="2022-06-05T00:07:53 IST" skipped="0">
  <testcase classname="Runner.logincrm" name="loginApp" time="2.820"/>
  <system-out/>
  <testcase classname="Runner.logincrm" name="signupapp" time="4.187"/>
  <system-out/>
  <testcase classname="Runner.logincrm" name="menuappoo" time="1.323"/>
  <system-out>
    <![CDATA[menu Done]]>
  </system-out>
  <testcase classname="Runner.logincrm" name="searapp" time="1.461"/>
  <system-out>
    <![CDATA[searching Done]]>
  </system-out>
  <testcase classname="Runner.logincrm" name="studyapp" time="5.783"/>
  <system-out/>
  <testcase classname="Runner.logincrm" name="aboutaa" time="16.501"/>
  <system-out>
    <![CDATA[rentapp Done]]>
  </system-out>
  <testcase classname="Runner.logincrm" name="Emicalculator" time="18.841"/>
  <system-out>
    <![CDATA[assertions Done]]>
  </system-out>
  <testcase classname="Runner.logincrm" name="loancart" time="8.196"/>
  <system-out/>
  <testcase classname="Runner.logincrm" name="siteapp" time="2.180"/>
  <system-out/>
</testsuite> <!-- Runner.logincrm -->
