<?xml version="1.0" encoding="UTF-8"?>
<!-- Generated by org.testng.reporters.JUnitReportReporter -->
<testsuite hostname="sridhar" failures="0" tests="10" name="Hybrid.logincrm" time="52.977" errors="0" timestamp="2022-06-04T11:32:29 IST" skipped="0">
  <testcase classname="Hybrid.logincrm" name="loginApp" time="6.120"/>
  <system-out/>
  <testcase classname="Hybrid.logincrm" name="signupapp" time="8.158"/>
  <system-out/>
  <testcase classname="Hybrid.logincrm" name="searchupapp" time="10.959"/>
  <system-out>
    <![CDATA[Bedsheet Done]]>
  </system-out>
  <testcase classname="Hybrid.logincrm" name="Bedapp" time="11.525"/>
  <system-out>
    <![CDATA[searching Done]]>
  </system-out>
  <testcase classname="Hybrid.logincrm" name="Bedappcart" time="5.470"/>
  <system-out>
    <![CDATA[bedapp Done]]>
  </system-out>
  <testcase classname="Hybrid.logincrm" name="assertions" time="2.967"/>
  <system-out>
    <![CDATA[assertions Done]]>
  </system-out>
  <testcase classname="Hybrid.logincrm" name="tvappcart" time="2.474"/>
  <system-out/>
  <testcase classname="Hybrid.logincrm" name="studyapp" time="3.313"/>
  <system-out/>
  <testcase classname="Hybrid.logincrm" name="aboutapp" time="1.110"/>
  <system-out/>
  <testcase classname="Hybrid.logincrm" name="infoapp" time="0.881"/>
  <system-out/>
</testsuite> <!-- Hybrid.logincrm -->
